# JRE version: Java(TM) SE Runtime Environment (8.0_191-b12) (build 1.8.0_191-b12)
# Java VM: Java HotSpot(TM) Client VM (25.191-b12 mixed mode windows-x86 )
Heap:
 def new generation   total 56064K, used 14130K [0x05200000, 0x08ed0000, 0x0fca0000)
  eden space 49856K,  20% used [0x05200000, 0x05c0dea8, 0x082b0000)
  from space 6208K,  61% used [0x088c0000, 0x08c7eae8, 0x08ed0000)
  to   space 6208K,   0% used [0x082b0000, 0x082b0000, 0x088c0000)
 tenured generation   total 124384K, used 91364K [0x0fca0000, 0x17618000, 0x25200000)
   the space 124384K,  73% used [0x0fca0000, 0x155d91b0, 0x155d9200, 0x17618000)
 Metaspace       used 24944K, capacity 25695K, committed 26112K, reserved 27008K
GC Heap History (10 events):
Event: 1553.618 GC heap before
{Heap before GC invocations=32 (full 3):
 def new generation   total 40064K, used 30847K [0x05200000, 0x07d70000, 0x0fca0000)
  eden space 35648K,  80% used [0x05200000, 0x06e29cb0, 0x074d0000)
  from space 4416K,  45% used [0x074d0000, 0x076c62d8, 0x07920000)
  to   space 4416K,   0% used [0x07920000, 0x07920000, 0x07d70000)
 tenured generation   total 88800K, used 84993K [0x0fca0000, 0x15358000, 0x25200000)
   the space 88800K,  95% used [0x0fca0000, 0x14fa05b0, 0x14fa0600, 0x15358000)
 Metaspace       used 25028K, capacity 25807K, committed 26112K, reserved 27008K
Event: 1553.649 GC heap after
Heap after GC invocations=33 (full 3):
 def new generation   total 40064K, used 3691K [0x05200000, 0x07d70000, 0x0fca0000)
  eden space 35648K,   0% used [0x05200000, 0x05200000, 0x074d0000)
  from space 4416K,  83% used [0x07920000, 0x07cbafb8, 0x07d70000)
  to   space 4416K,   0% used [0x074d0000, 0x074d0000, 0x07920000)
 tenured generation   total 88800K, used 84993K [0x0fca0000, 0x15358000, 0x25200000)
   the space 88800K,  95% used [0x0fca0000, 0x14fa05b0, 0x14fa0600, 0x15358000)
 Metaspace       used 25028K, capacity 25807K, committed 26112K, reserved 27008K
}
Event: 1597.411 GC heap before
{Heap before GC invocations=33 (full 3):
 def new generation   total 40064K, used 39339K [0x05200000, 0x07d70000, 0x0fca0000)
  eden space 35648K, 100% used [0x05200000, 0x074d0000, 0x074d0000)
  from space 4416K,  83% used [0x07920000, 0x07cbafb8, 0x07d70000)
  to   space 4416K,   0% used [0x074d0000, 0x074d0000, 0x07920000)
 tenured generation   total 88800K, used 84993K [0x0fca0000, 0x15358000, 0x25200000)
   the space 88800K,  95% used [0x0fca0000, 0x14fa05b0, 0x14fa0600, 0x15358000)
 Metaspace       used 25028K, capacity 25807K, committed 26112K, reserved 27008K
Event: 1597.757 GC heap after
Heap after GC invocations=34 (full 4):
 def new generation   total 56064K, used 0K [0x05200000, 0x08ed0000, 0x0fca0000)
  eden space 49856K,   0% used [0x05200000, 0x05200000, 0x082b0000)
  from space 6208K,   0% used [0x082b0000, 0x082b0000, 0x088c0000)
  to   space 6208K,   0% used [0x088c0000, 0x088c0000, 0x08ed0000)
 tenured generation   total 124384K, used 74628K [0x0fca0000, 0x17618000, 0x25200000)
   the space 124384K,  59% used [0x0fca0000, 0x145813e0, 0x14581400, 0x17618000)
 Metaspace       used 24941K, capacity 25690K, committed 26112K, reserved 27008K
}
Event: 1663.913 GC heap before
{Heap before GC invocations=34 (full 4):
 def new generation   total 56064K, used 49856K [0x05200000, 0x08ed0000, 0x0fca0000)
  eden space 49856K, 100% used [0x05200000, 0x082b0000, 0x082b0000)
  from space 6208K,   0% used [0x082b0000, 0x082b0000, 0x088c0000)
  to   space 6208K,   0% used [0x088c0000, 0x088c0000, 0x08ed0000)
 tenured generation   total 124384K, used 74628K [0x0fca0000, 0x17618000, 0x25200000)
   the space 124384K,  59% used [0x0fca0000, 0x145813e0, 0x14581400, 0x17618000)
 Metaspace       used 24942K, capacity 25690K, committed 26112K, reserved 27008K
Event: 1663.934 GC heap after
Heap after GC invocations=35 (full 4):
 def new generation   total 56064K, used 1366K [0x05200000, 0x08ed0000, 0x0fca0000)
  eden space 49856K,   0% used [0x05200000, 0x05200000, 0x082b0000)
  from space 6208K,  22% used [0x088c0000, 0x08a15918, 0x08ed0000)
  to   space 6208K,   0% used [0x082b0000, 0x082b0000, 0x088c0000)
 tenured generation   total 124384K, used 82484K [0x0fca0000, 0x17618000, 0x25200000)
   the space 124384K,  66% used [0x0fca0000, 0x14d2d1a0, 0x14d2d200, 0x17618000)
 Metaspace       used 24942K, capacity 25690K, committed 26112K, reserved 27008K
}
Event: 1726.968 GC heap before
{Heap before GC invocations=35 (full 4):
 def new generation   total 56064K, used 51222K [0x05200000, 0x08ed0000, 0x0fca0000)
  eden space 49856K, 100% used [0x05200000, 0x082b0000, 0x082b0000)
  from space 6208K,  22% used [0x088c0000, 0x08a15918, 0x08ed0000)
  to   space 6208K,   0% used [0x082b0000, 0x082b0000, 0x088c0000)
 tenured generation   total 124384K, used 82484K [0x0fca0000, 0x17618000, 0x25200000)
   the space 124384K,  66% used [0x0fca0000, 0x14d2d1a0, 0x14d2d200, 0x17618000)
 Metaspace       used 24942K, capacity 25690K, committed 26112K, reserved 27008K
Event: 1727.011 GC heap after
Heap after GC invocations=36 (full 4):
 def new generation   total 56064K, used 2785K [0x05200000, 0x08ed0000, 0x0fca0000)
  eden space 49856K,   0% used [0x05200000, 0x05200000, 0x082b0000)
  from space 6208K,  44% used [0x082b0000, 0x085685b0, 0x088c0000)
  to   space 6208K,   0% used [0x088c0000, 0x088c0000, 0x08ed0000)
 tenured generation   total 124384K, used 91364K [0x0fca0000, 0x17618000, 0x25200000)
   the space 124384K,  73% used [0x0fca0000, 0x155d91b0, 0x155d9200, 0x17618000)
 Metaspace       used 24942K, capacity 25690K, committed 26112K, reserved 27008K
}
Event: 1794.852 GC heap before
{Heap before GC invocations=36 (full 4):
 def new generation   total 56064K, used 52641K [0x05200000, 0x08ed0000, 0x0fca0000)
  eden space 49856K, 100% used [0x05200000, 0x082b0000, 0x082b0000)
  from space 6208K,  44% used [0x082b0000, 0x085685b0, 0x088c0000)
  to   space 6208K,   0% used [0x088c0000, 0x088c0000, 0x08ed0000)
 tenured generation   total 124384K, used 91364K [0x0fca0000, 0x17618000, 0x25200000)
   the space 124384K,  73% used [0x0fca0000, 0x155d91b0, 0x155d9200, 0x17618000)
 Metaspace       used 24942K, capacity 25690K, committed 26112K, reserved 27008K
Event: 1794.883 GC heap after
Heap after GC invocations=37 (full 4):
 def new generation   total 56064K, used 3834K [0x05200000, 0x08ed0000, 0x0fca0000)
  eden space 49856K,   0% used [0x05200000, 0x05200000, 0x082b0000)
  from space 6208K,  61% used [0x088c0000, 0x08c7eae8, 0x08ed0000)
  to   space 6208K,   0% used [0x082b0000, 0x082b0000, 0x088c0000)
 tenured generation   total 124384K, used 91364K [0x0fca0000, 0x17618000, 0x25200000)
   the space 124384K,  73% used [0x0fca0000, 0x155d91b0, 0x155d9200, 0x17618000)
 Metaspace       used 24942K, capacity 25690K, committed 26112K, reserved 27008K
}

